[freebase -> gkg: progress] 50 done, 0 error
[freebase -> gkg: progress] 100 done, 0 error
[freebase -> gkg: progress] 150 done, 0 error
[freebase -> gkg: progress] 200 done, 0 error
[freebase -> gkg: progress] 250 done, 0 error
[freebase -> gkg: progress] 300 done, 0 error
[freebase -> gkg: progress] 350 done, 0 error
[freebase -> gkg: progress] 400 done, 0 error
[freebase -> gkg: progress] 450 done, 0 error
[freebase -> gkg: progress] 500 done, 0 error
[freebase -> gkg: progress] 550 done, 0 error
[freebase -> gkg: progress] 600 done, 0 error
[freebase -> gkg: progress] 650 done, 0 error
[freebase -> gkg: progress] 700 done, 0 error
[freebase -> gkg: progress] 750 done, 0 error
[freebase -> gkg: progress] 800 done, 0 error
[freebase -> gkg: progress] 850 done, 0 error
[freebase -> gkg: progress] 900 done, 0 error
[freebase -> gkg: progress] 950 done, 0 error
[freebase -> gkg: progress] 1000 done, 0 error
[freebase -> gkg: progress] 1050 done, 0 error
[freebase -> gkg: progress] 1100 done, 0 error
[freebase -> gkg: progress] 1150 done, 0 error
[freebase -> gkg: progress] 1200 done, 0 error
[freebase -> gkg: progress] 1250 done, 0 error
[freebase -> gkg: progress] 1300 done, 0 error
[freebase -> gkg: progress] 1350 done, 0 error
[freebase -> gkg: progress] 1400 done, 0 error
[freebase -> gkg: progress] 1450 done, 0 error
[freebase -> gkg: progress] 1500 done, 0 error
[freebase -> gkg: progress] 1550 done, 0 error
[freebase -> gkg: progress] 1600 done, 0 error
[freebase -> gkg: progress] 1650 done, 0 error
[freebase -> gkg: progress] 1700 done, 0 error
[freebase -> gkg: progress] 1750 done, 0 error
[freebase -> gkg: progress] 1800 done, 0 error
[freebase -> gkg: progress] 1850 done, 0 error
[freebase -> gkg: progress] 1900 done, 0 error
[freebase -> gkg: progress] 1950 done, 0 error
[freebase -> gkg: progress] 2000 done, 0 error
[freebase -> gkg: progress] 2050 done, 0 error
[freebase -> gkg: progress] 2100 done, 0 error
[freebase -> gkg: progress] 2150 done, 0 error
[freebase -> gkg: progress] 2200 done, 0 error
[freebase -> gkg: progress] 2250 done, 0 error
[freebase -> gkg: progress] 2300 done, 0 error
[freebase -> gkg: progress] 2350 done, 0 error
[freebase -> gkg: progress] 2400 done, 0 error
[freebase -> gkg: progress] 2450 done, 0 error
[freebase -> gkg: progress] 2500 done, 0 error
[freebase -> gkg: progress] 2550 done, 0 error
[freebase -> gkg: progress] 2600 done, 0 error
[freebase -> gkg: progress] 2650 done, 0 error
[freebase -> gkg: progress] 2700 done, 0 error
[freebase -> gkg: progress] 2750 done, 0 error
[freebase -> gkg: progress] 2800 done, 0 error
[freebase -> gkg: progress] 2850 done, 0 error
[freebase -> gkg: progress] 2900 done, 0 error
[freebase -> gkg: progress] 2950 done, 0 error
[freebase -> gkg: progress] 3000 done, 0 error
[freebase -> gkg: progress] 3050 done, 0 error
[freebase -> gkg: progress] 3100 done, 0 error
[freebase -> gkg: progress] 3150 done, 0 error
[freebase -> gkg: progress] 3200 done, 0 error
[freebase -> gkg: progress] 3250 done, 0 error
[freebase -> gkg: progress] 3300 done, 0 error
[freebase -> gkg: progress] 3350 done, 0 error
[freebase -> gkg: progress] 3400 done, 0 error
[freebase -> gkg: progress] 3450 done, 0 error
[freebase -> gkg: progress] 3500 done, 0 error
[freebase -> gkg: progress] 3550 done, 0 error
[freebase -> gkg: progress] 3600 done, 0 error
[freebase -> gkg: progress] 3650 done, 0 error
[freebase -> gkg: progress] 3700 done, 0 error
[freebase -> gkg: progress] 3750 done, 0 error
[freebase -> gkg: progress] 3800 done, 0 error
[freebase -> gkg: progress] 3850 done, 0 error
[freebase -> gkg: progress] 3900 done, 0 error
[freebase -> gkg: progress] 3950 done, 0 error
[freebase -> gkg: progress] 4000 done, 0 error
[freebase -> gkg: progress] 4050 done, 0 error
[freebase -> gkg: progress] 4100 done, 0 error
[freebase -> gkg: progress] 4150 done, 0 error
[freebase -> gkg: progress] 4200 done, 0 error
[freebase -> gkg: progress] 4250 done, 0 error
[freebase -> gkg: progress] 4300 done, 0 error
[freebase -> gkg: progress] 4350 done, 0 error
[freebase -> gkg: progress] 4400 done, 0 error
[freebase -> gkg: progress] 4450 done, 0 error
[freebase -> gkg: progress] 4500 done, 0 error
[freebase -> gkg: progress] 4550 done, 0 error
[freebase -> gkg: progress] 4600 done, 0 error
[freebase -> gkg: progress] 4650 done, 0 error
[freebase -> gkg: progress] 4700 done, 0 error
[freebase -> gkg: progress] 4750 done, 0 error
[freebase -> gkg: progress] 4800 done, 0 error
[freebase -> gkg: progress] 4850 done, 0 error
[freebase -> gkg: progress] 4900 done, 0 error
[freebase -> gkg: progress] 4950 done, 0 error
[freebase -> gkg: progress] 5000 done, 0 error
[freebase -> gkg: progress] 5050 done, 0 error
[freebase -> gkg: progress] 5100 done, 0 error
[freebase -> gkg: progress] 5150 done, 0 error
[freebase -> gkg: progress] 5200 done, 0 error
[freebase -> gkg: progress] 5250 done, 0 error
[freebase -> gkg: progress] 5300 done, 0 error
[freebase -> gkg: progress] 5350 done, 0 error
[freebase -> gkg: progress] 5400 done, 0 error
[freebase -> gkg: progress] 5450 done, 0 error
[freebase -> gkg: progress] 5500 done, 0 error
[freebase -> gkg: progress] 5550 done, 0 error
[freebase -> gkg: progress] 5600 done, 0 error
[freebase -> gkg: progress] 5650 done, 0 error
[freebase -> gkg: progress] 5700 done, 0 error
[freebase -> gkg: progress] 5750 done, 0 error
[freebase -> gkg: progress] 5800 done, 0 error
[freebase -> gkg: progress] 5850 done, 0 error
[freebase -> gkg: progress] 5900 done, 0 error
[freebase -> gkg: progress] 5950 done, 0 error
[freebase -> gkg: progress] 6000 done, 0 error
[freebase -> gkg: progress] 6050 done, 0 error
[freebase -> gkg: progress] 6100 done, 0 error
[freebase -> gkg: progress] 6150 done, 0 error
[freebase -> gkg: progress] 6200 done, 0 error
[freebase -> gkg: progress] 6250 done, 0 error
[freebase -> gkg: progress] 6300 done, 0 error
[freebase -> gkg: progress] 6350 done, 0 error
[freebase -> gkg: progress] 6400 done, 0 error
[freebase -> gkg: progress] 6450 done, 0 error
[freebase -> gkg: progress] 6500 done, 0 error
[freebase -> gkg: progress] 6550 done, 0 error
[freebase -> gkg: progress] 6600 done, 0 error
[freebase -> gkg: progress] 6650 done, 0 error
[freebase -> gkg: progress] 6700 done, 0 error
[freebase -> gkg: progress] 6750 done, 0 error
[freebase -> gkg: progress] 6800 done, 0 error
[freebase -> gkg: progress] 6850 done, 0 error
[freebase -> gkg: progress] 6900 done, 0 error
[freebase -> gkg: progress] 6950 done, 0 error
[freebase -> gkg: progress] 7000 done, 0 error
[freebase -> gkg: progress] 7050 done, 0 error
[freebase -> gkg: progress] 7100 done, 0 error
[freebase -> gkg: progress] 7150 done, 0 error
[freebase -> gkg: progress] 7200 done, 0 error
[freebase -> gkg: progress] 7250 done, 0 error
[freebase -> gkg: progress] 7300 done, 0 error
[freebase -> gkg: progress] 7350 done, 0 error
[freebase -> gkg: progress] 7400 done, 0 error
[freebase -> gkg: progress] 7450 done, 0 error
[freebase -> gkg: progress] 7500 done, 0 error
[freebase -> gkg: progress] 7550 done, 0 error
[freebase -> gkg: progress] 7600 done, 0 error
[freebase -> gkg: progress] 7650 done, 0 error
[freebase -> gkg: progress] 7700 done, 0 error
[freebase -> gkg: progress] 7750 done, 0 error
[freebase -> gkg: progress] 7800 done, 0 error
[freebase -> gkg: progress] 7850 done, 0 error
[freebase -> gkg: progress] 7900 done, 0 error
[freebase -> gkg: progress] 7950 done, 0 error
[freebase -> gkg: progress] 8000 done, 0 error
[freebase -> gkg: progress] 8050 done, 0 error
[freebase -> gkg: progress] 8100 done, 0 error
[freebase -> gkg: progress] 8150 done, 0 error
[freebase -> gkg: progress] 8200 done, 0 error
[freebase -> gkg: progress] 8250 done, 0 error
[freebase -> gkg: progress] 8300 done, 0 error
[freebase -> gkg: progress] 8350 done, 0 error
[freebase -> gkg: progress] 8400 done, 0 error
[freebase -> gkg: progress] 8450 done, 0 error
[freebase -> gkg: progress] 8500 done, 0 error
[freebase -> gkg: progress] 8550 done, 0 error
[freebase -> gkg: progress] 8600 done, 0 error
[freebase -> gkg: progress] 8650 done, 0 error
[freebase -> gkg: progress] 8700 done, 0 error
[freebase -> gkg: progress] 8750 done, 0 error
[freebase -> gkg: progress] 8800 done, 0 error
[freebase -> gkg: progress] 8850 done, 0 error
[freebase -> gkg: progress] 8900 done, 0 error
[freebase -> gkg: progress] 8950 done, 0 error
[freebase -> gkg: progress] 9000 done, 0 error
[freebase -> gkg: progress] 9050 done, 0 error
[freebase -> gkg: progress] 9100 done, 0 error
[freebase -> gkg: progress] 9150 done, 0 error
[freebase -> gkg: progress] 9200 done, 0 error
[freebase -> gkg: progress] 9250 done, 0 error
[freebase -> gkg: progress] 9300 done, 0 error
[freebase -> gkg: progress] 9350 done, 0 error
[freebase -> gkg: progress] 9400 done, 0 error
[freebase -> gkg: progress] 9450 done, 0 error
[freebase -> gkg: progress] 9500 done, 0 error
[freebase -> gkg: progress] 9550 done, 0 error
[freebase -> gkg: progress] 9600 done, 0 error
[freebase -> gkg: progress] 9650 done, 0 error
[freebase -> gkg: progress] 9700 done, 0 error
[freebase -> gkg: progress] 9750 done, 0 error
[freebase -> gkg: progress] 9800 done, 0 error
[freebase -> gkg: progress] 9850 done, 0 error
[freebase -> gkg: progress] 9900 done, 0 error
[freebase -> gkg: progress] 9950 done, 0 error
[freebase -> gkg: progress] 10000 done, 0 error
[freebase -> gkg: progress] 10050 done, 0 error
[freebase -> gkg: progress] 10100 done, 0 error
[freebase -> gkg: progress] 10150 done, 0 error
[freebase -> gkg: progress] 10200 done, 0 error
[freebase -> gkg: progress] 10250 done, 0 error
[freebase -> gkg: progress] 10300 done, 0 error
[freebase -> gkg: progress] 10350 done, 0 error
[freebase -> gkg: progress] 10400 done, 0 error
[freebase -> gkg: progress] 10450 done, 0 error
[freebase -> gkg: progress] 10500 done, 0 error
[freebase -> gkg: progress] 10550 done, 0 error
[freebase -> gkg: progress] 10600 done, 0 error
[freebase -> gkg: progress] 10650 done, 0 error
[freebase -> gkg: progress] 10700 done, 0 error
[freebase -> gkg: progress] 10750 done, 0 error
[freebase -> gkg: progress] 10800 done, 0 error
[freebase -> gkg: progress] 10850 done, 0 error
[freebase -> gkg: progress] 10900 done, 0 error
[freebase -> gkg: progress] 10950 done, 0 error
[freebase -> gkg: progress] 11000 done, 0 error
[freebase -> gkg: progress] 11050 done, 0 error
[freebase -> gkg: progress] 11100 done, 0 error
[freebase -> gkg: progress] 11150 done, 0 error
[freebase -> gkg: progress] 11200 done, 0 error
[freebase -> gkg: progress] 11250 done, 0 error
[freebase -> gkg: progress] 11300 done, 0 error
[freebase -> gkg: progress] 11350 done, 0 error
[freebase -> gkg: progress] 11400 done, 0 error
[freebase -> gkg: progress] 11450 done, 0 error
[freebase -> gkg: progress] 11500 done, 0 error
[freebase -> gkg: progress] 11550 done, 0 error
[freebase -> gkg: progress] 11600 done, 0 error
[freebase -> gkg: progress] 11650 done, 0 error
[freebase -> gkg: progress] 11700 done, 0 error
[freebase -> gkg: progress] 11750 done, 0 error
[freebase -> gkg: progress] 11800 done, 0 error
[freebase -> gkg: progress] 11850 done, 0 error
[freebase -> gkg: progress] 11900 done, 0 error
[freebase -> gkg: progress] 11950 done, 0 error
[freebase -> gkg: progress] 12000 done, 0 error
[freebase -> gkg: progress] 12050 done, 0 error
[freebase -> gkg: progress] 12100 done, 0 error
[freebase -> gkg: progress] 12150 done, 0 error
[freebase -> gkg: progress] 12200 done, 0 error
[freebase -> gkg: progress] 12250 done, 0 error
[freebase -> gkg: progress] 12300 done, 0 error
[freebase -> gkg: progress] 12350 done, 0 error
[freebase -> gkg: progress] 12400 done, 0 error
[freebase -> gkg: progress] 12450 done, 0 error
[freebase -> gkg: progress] 12500 done, 0 error
[freebase -> gkg: progress] 12550 done, 0 error
[freebase -> gkg: progress] 12600 done, 0 error
[freebase -> gkg: progress] 12650 done, 0 error
[freebase -> gkg: progress] 12700 done, 0 error
[freebase -> gkg: progress] 12750 done, 0 error
[freebase -> gkg: progress] 12800 done, 0 error
[freebase -> gkg: progress] 12850 done, 0 error
[freebase -> gkg: progress] 12900 done, 0 error
[freebase -> gkg: progress] 12950 done, 0 error
[freebase -> gkg: progress] 13000 done, 0 error
[freebase -> gkg: progress] 13050 done, 0 error
[freebase -> gkg: progress] 13100 done, 0 error
[freebase -> gkg: progress] 13150 done, 0 error
[freebase -> gkg: progress] 13200 done, 0 error
[freebase -> gkg: progress] 13250 done, 0 error
[freebase -> gkg: progress] 13300 done, 0 error
[freebase -> gkg: progress] 13350 done, 0 error
[freebase -> gkg: progress] 13400 done, 0 error
[freebase -> gkg: progress] 13450 done, 0 error
[freebase -> gkg: progress] 13500 done, 0 error
[freebase -> gkg: progress] 13550 done, 0 error
[freebase -> gkg: progress] 13600 done, 0 error
[freebase -> gkg: progress] 13650 done, 0 error
[freebase -> gkg: progress] 13700 done, 0 error
[freebase -> gkg: progress] 13750 done, 0 error
[freebase -> gkg: progress] 13800 done, 0 error
[freebase -> gkg: progress] 13850 done, 0 error
[freebase -> gkg: progress] 13900 done, 0 error
[freebase -> gkg: progress] 13950 done, 0 error
[freebase -> gkg: progress] 14000 done, 0 error
[freebase -> gkg: progress] 14050 done, 0 error
[freebase -> gkg: progress] 14100 done, 0 error
[freebase -> gkg: progress] 14150 done, 0 error
[freebase -> gkg: progress] 14200 done, 0 error
[freebase -> gkg: progress] 14250 done, 0 error
[freebase -> gkg: progress] 14300 done, 0 error
[freebase -> gkg: progress] 14350 done, 0 error
[freebase -> gkg: progress] 14400 done, 0 error
[freebase -> gkg: progress] 14450 done, 0 error
[freebase -> gkg: progress] 14500 done, 0 error
[freebase -> gkg: progress] 14550 done, 0 error
[freebase -> gkg: progress] 14600 done, 0 error
[freebase -> gkg: progress] 14650 done, 0 error
[freebase -> gkg: progress] 14700 done, 0 error
[freebase -> gkg: progress] 14750 done, 0 error
[freebase -> gkg: progress] 14800 done, 0 error
[freebase -> gkg: progress] 14850 done, 0 error
[freebase -> gkg: progress] 14900 done, 0 error
[freebase -> gkg: progress] 14950 done, 0 error
[freebase -> gkg: progress] 15000 done, 0 error
[freebase -> gkg: progress] 15050 done, 0 error
[freebase -> gkg: progress] 15100 done, 0 error
[freebase -> gkg: progress] 15150 done, 0 error
[freebase -> gkg: progress] 15200 done, 0 error
[freebase -> gkg: progress] 15250 done, 0 error
[freebase -> gkg: progress] 15300 done, 0 error
[freebase -> gkg: progress] 15350 done, 0 error
[freebase -> gkg: progress] 15400 done, 0 error
[freebase -> gkg: progress] 15450 done, 0 error
[freebase -> gkg: progress] 15500 done, 0 error
[freebase -> gkg: progress] 15550 done, 0 error
[freebase -> gkg: progress] 15600 done, 0 error
[freebase -> gkg: progress] 15650 done, 0 error
[freebase -> gkg: progress] 15700 done, 0 error
[freebase -> gkg: progress] 15750 done, 0 error
[freebase -> gkg: progress] 15800 done, 0 error
[freebase -> gkg: progress] 15850 done, 0 error
[freebase -> gkg: progress] 15900 done, 0 error
[freebase -> gkg: progress] 15950 done, 0 error
[freebase -> gkg: progress] 16000 done, 0 error
[freebase -> gkg: progress] 16050 done, 0 error
[freebase -> gkg: progress] 16100 done, 0 error
[freebase -> gkg: progress] 16150 done, 0 error
[freebase -> gkg: progress] 16200 done, 0 error
[freebase -> gkg: progress] 16250 done, 0 error
[freebase -> gkg: progress] 16300 done, 0 error
[freebase -> gkg: progress] 16350 done, 0 error
[freebase -> gkg: progress] 16400 done, 0 error
[freebase -> gkg: progress] 16450 done, 0 error
[freebase -> gkg: progress] 16500 done, 0 error
[freebase -> gkg: progress] 16550 done, 0 error
[freebase -> gkg: progress] 16600 done, 0 error
[freebase -> gkg: progress] 16650 done, 0 error
[freebase -> gkg: progress] 16700 done, 0 error
[freebase -> gkg: progress] 16750 done, 0 error
[freebase -> gkg: progress] 16800 done, 0 error
[freebase -> gkg: progress] 16850 done, 0 error
[freebase -> gkg: progress] 16900 done, 0 error
[freebase -> gkg: progress] 16950 done, 0 error
[freebase -> gkg: progress] 17000 done, 0 error
[freebase -> gkg: progress] 17050 done, 0 error
[freebase -> gkg: progress] 17100 done, 0 error
[freebase -> gkg: progress] 17150 done, 0 error
[freebase -> gkg: progress] 17200 done, 0 error
[freebase -> gkg: progress] 17250 done, 0 error
[freebase -> gkg: progress] 17300 done, 0 error
[freebase -> gkg: progress] 17350 done, 0 error
[freebase -> gkg: progress] 17400 done, 0 error
[freebase -> gkg: progress] 17450 done, 0 error
[freebase -> gkg: progress] 17500 done, 0 error
[freebase -> gkg: progress] 17550 done, 0 error
[freebase -> gkg: progress] 17600 done, 0 error
[freebase -> gkg: progress] 17650 done, 0 error
[freebase -> gkg: progress] 17700 done, 0 error
[freebase -> gkg: progress] 17750 done, 0 error
[freebase -> gkg: progress] 17800 done, 0 error
[freebase -> gkg: progress] 17850 done, 0 error
[freebase -> gkg: progress] 17900 done, 0 error
[freebase -> gkg: progress] 17950 done, 0 error
[freebase -> gkg: progress] 18000 done, 0 error
[freebase -> gkg: progress] 18050 done, 0 error
[freebase -> gkg: progress] 18100 done, 0 error
[freebase -> gkg: progress] 18150 done, 0 error
[freebase -> gkg: progress] 18200 done, 0 error
[freebase -> gkg: progress] 18250 done, 0 error
[freebase -> gkg: progress] 18300 done, 0 error
[freebase -> gkg: progress] 18350 done, 0 error
[freebase -> gkg: progress] 18400 done, 0 error
[freebase -> gkg: progress] 18450 done, 0 error
[freebase -> gkg: progress] 18500 done, 0 error
[freebase -> gkg: progress] 18550 done, 0 error
[freebase -> gkg: progress] 18600 done, 0 error
[freebase -> gkg: progress] 18650 done, 0 error
[freebase -> gkg: progress] 18700 done, 0 error
[freebase -> gkg: progress] 18750 done, 0 error
[freebase -> gkg: progress] 18800 done, 0 error
[freebase -> gkg: progress] 18850 done, 0 error
[freebase -> gkg: progress] 18900 done, 0 error
[freebase -> gkg: progress] 18950 done, 0 error
[freebase -> gkg: progress] 19000 done, 0 error
[freebase -> gkg: progress] 19050 done, 0 error
[freebase -> gkg: progress] 19100 done, 0 error
[freebase -> gkg: progress] 19150 done, 0 error
[freebase -> gkg: progress] 19200 done, 0 error
[freebase -> gkg: progress] 19250 done, 0 error
[freebase -> gkg: progress] 19300 done, 0 error
[freebase -> gkg: progress] 19350 done, 0 error
[freebase -> gkg: progress] 19400 done, 0 error
[freebase -> gkg: progress] 19450 done, 0 error
[freebase -> gkg: progress] 19500 done, 0 error
[freebase -> gkg: progress] 19550 done, 0 error
[freebase -> gkg: progress] 19600 done, 0 error
[freebase -> gkg: progress] 19650 done, 0 error
[freebase -> gkg: progress] 19700 done, 0 error
[freebase -> gkg: progress] 19750 done, 0 error
[freebase -> gkg: progress] 19800 done, 0 error
[freebase -> gkg: progress] 19850 done, 0 error
[freebase -> gkg: progress] 19900 done, 0 error
[freebase -> gkg: progress] 19950 done, 0 error
[freebase -> gkg: progress] 20000 done, 0 error
[freebase -> gkg: progress] 20050 done, 0 error
[freebase -> gkg: progress] 20100 done, 0 error
[freebase -> gkg: progress] 20150 done, 0 error
[freebase -> gkg: progress] 20200 done, 0 error
[freebase -> gkg: progress] 20250 done, 0 error
[freebase -> gkg: progress] 20300 done, 0 error
[freebase -> gkg: progress] 20350 done, 0 error
[freebase -> gkg: progress] 20400 done, 0 error
[freebase -> gkg: progress] 20450 done, 0 error
[freebase -> gkg: progress] 20500 done, 0 error
[freebase -> gkg: progress] 20550 done, 0 error
[freebase -> gkg: progress] 20600 done, 0 error
[freebase -> gkg: progress] 20650 done, 0 error
[freebase -> gkg: progress] 20700 done, 0 error
[freebase -> gkg: progress] 20750 done, 0 error
[freebase -> gkg: progress] 20800 done, 0 error
[freebase -> gkg: progress] 20850 done, 0 error
[freebase -> gkg: progress] 20900 done, 0 error
[freebase -> gkg: progress] 20950 done, 0 error
[freebase -> gkg: progress] 21000 done, 0 error
[freebase -> gkg: progress] 21050 done, 0 error
[freebase -> gkg: progress] 21100 done, 0 error
[freebase -> gkg: progress] 21150 done, 0 error
[freebase -> gkg: progress] 21200 done, 0 error
[freebase -> gkg: progress] 21250 done, 0 error
[freebase -> gkg: progress] 21300 done, 0 error
[freebase -> gkg: progress] 21350 done, 0 error
[freebase -> gkg: progress] 21400 done, 0 error
[freebase -> gkg: progress] 21450 done, 0 error
[freebase -> gkg: progress] 21500 done, 0 error
[freebase -> gkg: progress] 21550 done, 0 error
[freebase -> gkg: progress] 21600 done, 0 error
[freebase -> gkg: progress] 21650 done, 0 error
[freebase -> gkg: progress] 21700 done, 0 error
[freebase -> gkg: progress] 21750 done, 0 error
[freebase -> gkg: progress] 21800 done, 0 error
[freebase -> gkg: progress] 21850 done, 0 error
[freebase -> gkg: progress] 21900 done, 0 error
[freebase -> gkg: progress] 21950 done, 0 error
[freebase -> gkg: progress] 22000 done, 0 error
[freebase -> gkg: progress] 22050 done, 0 error
[freebase -> gkg: progress] 22100 done, 0 error
[freebase -> gkg: progress] 22150 done, 0 error
[freebase -> gkg: progress] 22200 done, 0 error
[freebase -> gkg: progress] 22250 done, 0 error
[freebase -> gkg: progress] 22300 done, 0 error
[freebase -> gkg: progress] 22350 done, 0 error
[freebase -> gkg: progress] 22400 done, 0 error
[freebase -> gkg: progress] 22450 done, 0 error
[freebase -> gkg: progress] 22500 done, 0 error
[freebase -> gkg: progress] 22550 done, 0 error
[freebase -> gkg: progress] 22600 done, 0 error
[freebase -> gkg: progress] 22650 done, 0 error
[freebase -> gkg: progress] 22700 done, 0 error
[freebase -> gkg: progress] 22750 done, 0 error
[freebase -> gkg: progress] 22800 done, 0 error
[freebase -> gkg: progress] 22850 done, 0 error
[freebase -> gkg: progress] 22900 done, 0 error
[freebase -> gkg: progress] 22950 done, 0 error
[freebase -> gkg: progress] 23000 done, 0 error
[freebase -> gkg: progress] 23050 done, 0 error
[freebase -> gkg: progress] 23100 done, 0 error
[freebase -> gkg: progress] 23150 done, 0 error
[freebase -> gkg: progress] 23200 done, 0 error
[freebase -> gkg: progress] 23250 done, 0 error
[freebase -> gkg: progress] 23300 done, 0 error
[freebase -> gkg: progress] 23350 done, 0 error
[freebase -> gkg: progress] 23400 done, 0 error
[freebase -> gkg: progress] 23450 done, 0 error
[freebase -> gkg: progress] 23500 done, 0 error
[freebase -> gkg: progress] 23550 done, 0 error
[freebase -> gkg: progress] 23600 done, 0 error
[freebase -> gkg: progress] 23650 done, 0 error
[freebase -> gkg: progress] 23700 done, 0 error
[freebase -> gkg: progress] 23750 done, 0 error
[freebase -> gkg: progress] 23800 done, 0 error
[freebase -> gkg: progress] 23850 done, 0 error
[freebase -> gkg: progress] 23900 done, 0 error
[freebase -> gkg: progress] 23950 done, 0 error
[freebase -> gkg: progress] 24000 done, 0 error
[freebase -> gkg: progress] 24050 done, 0 error
[freebase -> gkg: progress] 24100 done, 0 error
[freebase -> gkg: progress] 24150 done, 0 error
[freebase -> gkg: progress] 24200 done, 0 error
[freebase -> gkg: progress] 24250 done, 0 error
[freebase -> gkg: progress] 24300 done, 0 error
[freebase -> gkg: progress] 24350 done, 0 error
[freebase -> gkg: progress] 24400 done, 0 error
[freebase -> gkg: progress] 24450 done, 0 error
[freebase -> gkg: progress] 24500 done, 0 error
[freebase -> gkg: progress] 24550 done, 0 error
[freebase -> gkg: progress] 24600 done, 0 error
[freebase -> gkg: progress] 24650 done, 0 error
[freebase -> gkg: progress] 24700 done, 0 error
[freebase -> gkg: progress] 24750 done, 0 error
[freebase -> gkg: progress] 24800 done, 0 error
[freebase -> gkg: progress] 24850 done, 0 error
[freebase -> gkg: progress] 24900 done, 0 error
[freebase -> gkg: progress] 24950 done, 0 error
[freebase -> gkg: progress] 25000 done, 0 error
[freebase -> gkg: progress] 25050 done, 0 error
[freebase -> gkg: progress] 25100 done, 0 error
[freebase -> gkg: progress] 25150 done, 0 error
[freebase -> gkg: progress] 25200 done, 0 error
[freebase -> gkg: progress] 25250 done, 0 error
[freebase -> gkg: progress] 25300 done, 0 error
[freebase -> gkg: progress] 25350 done, 0 error
[freebase -> gkg: progress] 25400 done, 0 error
[freebase -> gkg: progress] 25450 done, 0 error
[freebase -> gkg: progress] 25500 done, 0 error
[freebase -> gkg: progress] 25550 done, 0 error
[freebase -> gkg: progress] 25600 done, 0 error
[freebase -> gkg: progress] 25650 done, 0 error
[freebase -> gkg: progress] 25700 done, 0 error
[freebase -> gkg: progress] 25750 done, 0 error
[freebase -> gkg: progress] 25800 done, 0 error
[freebase -> gkg: progress] 25850 done, 0 error
[freebase -> gkg: progress] 25900 done, 0 error
[freebase -> gkg: progress] 25950 done, 0 error
[freebase -> gkg: progress] 26000 done, 0 error
[freebase -> gkg: progress] 26050 done, 0 error
[freebase -> gkg: progress] 26100 done, 0 error
[freebase -> gkg: progress] 26150 done, 0 error
[freebase -> gkg: progress] 26200 done, 0 error
[freebase -> gkg: progress] 26250 done, 0 error
[freebase -> gkg: progress] 26300 done, 0 error
[freebase -> gkg: progress] 26350 done, 0 error
[freebase -> gkg: progress] 26400 done, 0 error
[freebase -> gkg: progress] 26450 done, 0 error
[freebase -> gkg: progress] 26500 done, 0 error
[freebase -> gkg: progress] 26550 done, 0 error
[freebase -> gkg: progress] 26600 done, 0 error
[freebase -> gkg: progress] 26650 done, 0 error
[freebase -> gkg: progress] 26700 done, 0 error
[freebase -> gkg: progress] 26750 done, 0 error
[freebase -> gkg: progress] 26800 done, 0 error
[freebase -> gkg: progress] 26850 done, 0 error
[freebase -> gkg: progress] 26900 done, 0 error
[freebase -> gkg: progress] 26950 done, 0 error
[freebase -> gkg: progress] 27000 done, 0 error
[freebase -> gkg: progress] 27050 done, 0 error
[freebase -> gkg: progress] 27100 done, 0 error
[freebase -> gkg: progress] 27150 done, 0 error
[freebase -> gkg: progress] 27200 done, 0 error
[freebase -> gkg: progress] 27250 done, 0 error
[freebase -> gkg: progress] 27300 done, 0 error
[freebase -> gkg: progress] 27350 done, 0 error
[freebase -> gkg: progress] 27400 done, 0 error
[freebase -> gkg: progress] 27450 done, 0 error
[freebase -> gkg: progress] 27500 done, 0 error
[freebase -> gkg: progress] 27550 done, 0 error
[freebase -> gkg: progress] 27600 done, 0 error
[freebase -> gkg: progress] 27650 done, 0 error
[freebase -> gkg: progress] 27700 done, 0 error
[freebase -> gkg: progress] 27750 done, 0 error
[freebase -> gkg: progress] 27800 done, 0 error
[freebase -> gkg: progress] 27850 done, 0 error
[freebase -> gkg: progress] 27900 done, 0 error
[freebase -> gkg: progress] 27950 done, 0 error
[freebase -> gkg: progress] 28000 done, 0 error
[freebase -> gkg: progress] 28050 done, 0 error
[freebase -> gkg: progress] 28100 done, 0 error
[freebase -> gkg: progress] 28150 done, 0 error
[freebase -> gkg: progress] 28200 done, 0 error
[freebase -> gkg: progress] 28250 done, 0 error
[freebase -> gkg: progress] 28300 done, 0 error
[freebase -> gkg: progress] 28350 done, 0 error
[freebase -> gkg: progress] 28400 done, 0 error
[freebase -> gkg: progress] 28450 done, 0 error
[freebase -> gkg: progress] 28500 done, 0 error
[freebase -> gkg: progress] 28550 done, 0 error
[freebase -> gkg: progress] 28600 done, 0 error
[freebase -> gkg: progress] 28650 done, 0 error
[freebase -> gkg: progress] 28700 done, 0 error
[freebase -> gkg: progress] 28750 done, 0 error
[freebase -> gkg: progress] 28800 done, 0 error
[freebase -> gkg: progress] 28850 done, 0 error
[freebase -> gkg: progress] 28900 done, 0 error
[freebase -> gkg: progress] 28950 done, 0 error
[freebase -> gkg: progress] 29000 done, 0 error
[freebase -> gkg: progress] 29050 done, 0 error
[freebase -> gkg: progress] 29100 done, 0 error
[freebase -> gkg: progress] 29150 done, 0 error
[freebase -> gkg: progress] 29200 done, 0 error
[freebase -> gkg: progress] 29250 done, 0 error
[freebase -> gkg: progress] 29300 done, 0 error
[freebase -> gkg: progress] 29350 done, 0 error
[freebase -> gkg: progress] 29400 done, 0 error
[freebase -> gkg: progress] 29450 done, 0 error
[freebase -> gkg: progress] 29500 done, 0 error
[freebase -> gkg: progress] 29550 done, 0 error
[freebase -> gkg: progress] 29600 done, 0 error
[freebase -> gkg: progress] 29650 done, 0 error
[freebase -> gkg: progress] 29700 done, 0 error
[freebase -> gkg: progress] 29750 done, 0 error
[freebase -> gkg: progress] 29800 done, 0 error
[freebase -> gkg: progress] 29850 done, 0 error
[freebase -> gkg: progress] 29900 done, 0 error
Time taken 368.4544337908427 mins
Total number of entities queried 29902
Successfully mapped 27795 entities, 2107 entities missing
>> MANUAL EDIT <<
I accidently incremented count twice, so the total number of entities processed is 14951 * 2
Num entities mapped = (29902/2) - 2107 = 12844
Num entities missing = 2107
