/mnt/dlei/honours-algorithms-round-3/models/mashup/TensorFlow-TransX
HERE
in else
total epochs: 1000
epoch: 0
261774.4246826172
epoch: 1
94249.39440917969
epoch: 2
58496.016845703125
epoch: 3
44246.88009643555
epoch: 4
35638.29266357422
epoch: 5
30647.0966796875
epoch: 6
28004.921096801758
epoch: 7
25783.276428222656
epoch: 8
24186.65852355957
epoch: 9
22835.22869873047
epoch: 10
21786.899810791016
epoch: 11
20678.1590423584
epoch: 12
19780.40219116211
epoch: 13
19074.1404876709
epoch: 14
18444.276260375977
epoch: 15
17569.65101623535
epoch: 16
17238.553924560547
epoch: 17
16565.096725463867
epoch: 18
16094.917495727539
epoch: 19
15575.828140258789
epoch: 20
15153.165344238281
epoch: 21
14918.209190368652
epoch: 22
14426.966766357422
epoch: 23
13982.518325805664
epoch: 24
13739.125968933105
epoch: 25
13525.882186889648
epoch: 26
13251.576263427734
epoch: 27
12822.481163024902
epoch: 28
12630.014923095703
epoch: 29
12323.899856567383
epoch: 30
11984.613151550293
epoch: 31
11701.053535461426
epoch: 32
11502.315055847168
epoch: 33
11175.602180480957
epoch: 34
11203.83585357666
epoch: 35
10988.76985168457
epoch: 36
10844.244720458984
epoch: 37
10431.087913513184
epoch: 38
10223.978637695312
epoch: 39
10144.226783752441
epoch: 40
9968.380187988281
epoch: 41
9561.729858398438
epoch: 42
9569.937072753906
epoch: 43
9557.155647277832
epoch: 44
9450.707237243652
epoch: 45
9412.76921081543
epoch: 46
8959.635223388672
epoch: 47
8841.774810791016
epoch: 48
8704.461296081543
epoch: 49
8515.802742004395
epoch: 50
8570.166877746582
epoch: 51
8252.073204040527
epoch: 52
8444.27702331543
epoch: 53
8236.454460144043
epoch: 54
8061.5793533325195
epoch: 55
7895.655708312988
epoch: 56
8082.542667388916
epoch: 57
8049.714931488037
epoch: 58
7676.688179016113
epoch: 59
7645.844463348389
epoch: 60
7591.948497772217
epoch: 61
7518.034740447998
epoch: 62
7357.31921005249
epoch: 63
7342.280979156494
epoch: 64
7096.966983795166
epoch: 65
7103.818977355957
epoch: 66
7170.440116882324
epoch: 67
7070.927341461182
epoch: 68
6872.523952484131
epoch: 69
6769.111770629883
epoch: 70
6673.556663513184
epoch: 71
6667.049835205078
epoch: 72
6607.362098693848
epoch: 73
6569.2883644104
epoch: 74
6526.627975463867
epoch: 75
6431.960174560547
epoch: 76
6277.618896484375
epoch: 77
6214.583534240723
epoch: 78
6271.877624511719
epoch: 79
6310.579902648926
epoch: 80
6249.097198486328
epoch: 81
6117.907306671143
epoch: 82
5943.690036773682
epoch: 83
5869.846481323242
epoch: 84
5809.048000335693
epoch: 85
5773.146495819092
epoch: 86
5888.554615020752
epoch: 87
5737.202568054199
epoch: 88
5716.871109008789
epoch: 89
5804.633056640625
epoch: 90
5629.945713043213
epoch: 91
5527.11926651001
epoch: 92
5506.339973449707
epoch: 93
5562.806041717529
epoch: 94
5497.510612487793
epoch: 95
5491.162887573242
epoch: 96
5344.925880432129
epoch: 97
5163.37186050415
epoch: 98
5341.236484527588
epoch: 99
5235.42960357666
epoch: 100
5199.804740905762
epoch: 101
5157.188064575195
epoch: 102
5210.875133514404
epoch: 103
4999.2974281311035
epoch: 104
5012.932666778564
epoch: 105
4989.301399230957
epoch: 106
4926.22762298584
epoch: 107
4855.00587272644
epoch: 108
4804.889129638672
epoch: 109
4895.694801330566
epoch: 110
4894.837028503418
epoch: 111
4709.0482006073
epoch: 112
4690.092254638672
epoch: 113
4775.234394073486
epoch: 114
4677.099212646484
epoch: 115
4662.300498962402
epoch: 116
4672.19079208374
epoch: 117
4572.862939834595
epoch: 118
4595.19132232666
epoch: 119
4541.251937866211
epoch: 120
4530.7163734436035
epoch: 121
4484.882923126221
epoch: 122
4617.149978637695
epoch: 123
4419.551429748535
epoch: 124
4430.45320892334
epoch: 125
4454.301309585571
epoch: 126
4418.769138336182
epoch: 127
4226.115255355835
epoch: 128
4288.9114112854
epoch: 129
4419.983488082886
epoch: 130
4270.800239562988
epoch: 131
4256.1021900177
epoch: 132
4191.994745254517
epoch: 133
4193.040954589844
epoch: 134
4102.341342926025
epoch: 135
4160.713369369507
epoch: 136
4056.978790283203
epoch: 137
4027.949716567993
epoch: 138
4032.3873710632324
epoch: 139
4075.381763458252
epoch: 140
4032.6551990509033
epoch: 141
4104.2006549835205
epoch: 142
4036.7120475769043
epoch: 143
3970.354009628296
epoch: 144
3943.2886867523193
epoch: 145
3931.0381813049316
epoch: 146
3982.793279647827
epoch: 147
3925.3286895751953
epoch: 148
3804.508560180664
epoch: 149
3811.673553466797
epoch: 150
3840.703136444092
epoch: 151
3788.378105163574
epoch: 152
3834.5721588134766
epoch: 153
3783.3519859313965
epoch: 154
3701.0036182403564
epoch: 155
3865.346202850342
epoch: 156
3676.183650970459
epoch: 157
3740.0090293884277
epoch: 158
3664.4997234344482
epoch: 159
3674.379684448242
epoch: 160
3696.2420196533203
epoch: 161
3641.3241119384766
epoch: 162
3626.4942321777344
epoch: 163
3586.6169033050537
epoch: 164
3644.9521923065186
epoch: 165
3568.1488857269287
epoch: 166
3534.531608581543
epoch: 167
3553.8436164855957
epoch: 168
3492.811601638794
epoch: 169
3558.2486610412598
epoch: 170
3495.9665908813477
epoch: 171
3507.254114151001
epoch: 172
3400.379177093506
epoch: 173
3459.9876613616943
epoch: 174
3471.4483222961426
epoch: 175
3470.961450576782
epoch: 176
3580.595376968384
epoch: 177
3339.978921890259
epoch: 178
3368.741418838501
epoch: 179
3378.820079803467
epoch: 180
3328.87557220459
epoch: 181
3309.0087890625
epoch: 182
3230.690330505371
epoch: 183
3223.395984649658
epoch: 184
3246.9140911102295
epoch: 185
3207.0018615722656
epoch: 186
3334.096517562866
epoch: 187
3148.5928287506104
epoch: 188
3287.824583053589
epoch: 189
3219.7902069091797
epoch: 190
3230.324493408203
epoch: 191
3198.8558025360107
epoch: 192
3149.4009189605713
epoch: 193
3174.16428565979
epoch: 194
3152.648078918457
epoch: 195
3180.812982559204
epoch: 196
3094.8999462127686
epoch: 197
3041.8207416534424
epoch: 198
3126.407220840454
epoch: 199
3129.1734352111816
epoch: 200
3116.8227615356445
epoch: 201
3095.0072383880615
epoch: 202
3047.660057067871
epoch: 203
3017.849094390869
epoch: 204
3087.0786209106445
epoch: 205
3023.0445461273193
epoch: 206
2963.0260372161865
epoch: 207
3133.9357376098633
epoch: 208
3090.852487564087
epoch: 209
3059.5900802612305
epoch: 210
3102.741579055786
epoch: 211
2951.4395866394043
epoch: 212
3001.6087684631348
epoch: 213
2975.6627254486084
epoch: 214
2971.235113143921
epoch: 215
2963.435873031616
epoch: 216
2889.8287963867188
epoch: 217
3031.744956970215
epoch: 218
2936.1175804138184
epoch: 219
2892.678186416626
epoch: 220
2970.461187362671
epoch: 221
2943.087001800537
epoch: 222
2849.5139770507812
epoch: 223
2813.442295074463
epoch: 224
2759.143041610718
epoch: 225
2859.601333618164
epoch: 226
2835.3176975250244
epoch: 227
2889.0100383758545
epoch: 228
2804.7343215942383
epoch: 229
2733.3127613067627
epoch: 230
2829.42942237854
epoch: 231
2930.33988571167
epoch: 232
2733.603645324707
epoch: 233
2785.3173274993896
epoch: 234
2794.358299255371
epoch: 235
2722.464948654175
epoch: 236
2706.6126470565796
epoch: 237
2719.1998538970947
epoch: 238
2782.324975967407
epoch: 239
2810.8373832702637
epoch: 240
2722.1835975646973
epoch: 241
2761.6250801086426
epoch: 242
2682.4990425109863
epoch: 243
2733.354902267456
epoch: 244
2786.0572395324707
epoch: 245
2733.306676864624
epoch: 246
2705.706111907959
epoch: 247
2674.6190910339355
epoch: 248
2660.664155960083
epoch: 249
2754.6194705963135
epoch: 250
2609.2743797302246
epoch: 251
2698.609794616699
epoch: 252
2516.751893043518
epoch: 253
2689.2749633789062
epoch: 254
2556.1277256011963
epoch: 255
2602.6193504333496
epoch: 256
2555.8377590179443
epoch: 257
2528.079623222351
epoch: 258
2487.7841815948486
epoch: 259
2647.417682647705
epoch: 260
2631.565399169922
epoch: 261
2645.465898513794
epoch: 262
2587.9406414031982
epoch: 263
2543.512683868408
epoch: 264
2547.8626804351807
epoch: 265
2533.6231231689453
epoch: 266
2554.86102104187
epoch: 267
2576.9382495880127
epoch: 268
2443.855634689331
epoch: 269
2526.35595703125
epoch: 270
2474.545503616333
epoch: 271
2477.015522956848
epoch: 272
2503.1662635803223
epoch: 273
2521.487480163574
epoch: 274
2481.953242301941
epoch: 275
2574.0407123565674
epoch: 276
2461.393072128296
epoch: 277
2439.703056335449
epoch: 278
2465.846103668213
epoch: 279
2490.306785583496
epoch: 280
2345.474786758423
epoch: 281
2447.7857570648193
epoch: 282
2357.9621086120605
epoch: 283
2473.44610786438
epoch: 284
2406.594919204712
epoch: 285
2370.6933155059814
epoch: 286
2403.451671600342
epoch: 287
2355.142650604248
epoch: 288
2417.0454082489014
epoch: 289
2358.981925010681
epoch: 290
2371.121922492981
epoch: 291
2331.013647079468
epoch: 292
2362.7731256484985
epoch: 293
2415.695906639099
epoch: 294
2330.66362285614
epoch: 295
2328.263048171997
epoch: 296
2281.1102333068848
epoch: 297
2348.993034362793
epoch: 298
2322.3530807495117
epoch: 299
2321.7202100753784
epoch: 300
2284.093731880188
epoch: 301
2350.9188537597656
epoch: 302
2209.7540798187256
epoch: 303
2317.7666959762573
epoch: 304
2301.979989051819
epoch: 305
2280.111786842346
epoch: 306
2259.09716129303
epoch: 307
2221.8630590438843
epoch: 308
2303.0991563796997
epoch: 309
2254.4251136779785
epoch: 310
2287.1348123550415
epoch: 311
2230.995301246643
epoch: 312
2245.7117252349854
epoch: 313
2250.4331378936768
epoch: 314
2224.8506031036377
epoch: 315
2231.9252891540527
epoch: 316
2248.8550996780396
epoch: 317
2322.051275253296
epoch: 318
2296.3568840026855
epoch: 319
2215.953185081482
epoch: 320
2287.059862136841
epoch: 321
2276.0500650405884
epoch: 322
2225.996687889099
epoch: 323
2150.148332595825
epoch: 324
2123.9631309509277
epoch: 325
2235.65776348114
epoch: 326
2201.963912010193
epoch: 327
2152.131947517395
epoch: 328
2202.736228942871
epoch: 329
2146.529577255249
epoch: 330
2064.4219675064087
epoch: 331
2165.8871240615845
epoch: 332
2145.507185935974
epoch: 333
2126.8347845077515
epoch: 334
2098.615170478821
epoch: 335
2088.7743635177612
epoch: 336
2133.664056777954
epoch: 337
2143.906741142273
epoch: 338
2113.6346549987793
epoch: 339
2091.4952936172485
epoch: 340
2114.112442970276
epoch: 341
2095.3932609558105
epoch: 342
2036.7333040237427
epoch: 343
2059.1434173583984
epoch: 344
2081.9331798553467
epoch: 345
2153.7584285736084
epoch: 346
2120.663179397583
epoch: 347
2076.767864227295
epoch: 348
2115.486584663391
epoch: 349
2054.935817718506
epoch: 350
2078.014362335205
epoch: 351
2132.8868503570557
epoch: 352
2088.347677230835
epoch: 353
2026.0896377563477
epoch: 354
2116.091866493225
epoch: 355
2027.364462852478
epoch: 356
2015.9116945266724
epoch: 357
2040.4890966415405
epoch: 358
2032.5401315689087
epoch: 359
2011.9591312408447
epoch: 360
2001.2323217391968
epoch: 361
2018.8371181488037
epoch: 362
1971.105676651001
epoch: 363
1980.3011045455933
epoch: 364
1958.5706901550293
epoch: 365
2000.8758354187012
epoch: 366
1992.8934268951416
epoch: 367
1974.3774948120117
epoch: 368
1927.295253753662
epoch: 369
1978.230073928833
epoch: 370
1960.453010559082
epoch: 371
1968.0858087539673
epoch: 372
1979.1970682144165
epoch: 373
1969.8058519363403
epoch: 374
1964.7318515777588
epoch: 375
2015.735146522522
epoch: 376
1940.6982164382935
epoch: 377
1963.7475051879883
epoch: 378
1992.7821254730225
epoch: 379
1943.9461269378662
epoch: 380
1934.9575643539429
epoch: 381
1982.3533849716187
epoch: 382
1987.6321630477905
epoch: 383
1990.7252960205078
epoch: 384
1918.2156314849854
epoch: 385
1981.9415531158447
epoch: 386
1925.2864961624146
epoch: 387
1921.264136314392
epoch: 388
1964.6059341430664
epoch: 389
1962.8693265914917
epoch: 390
1947.250584602356
epoch: 391
1974.7716274261475
epoch: 392
1831.5943794250488
epoch: 393
1866.8486251831055
epoch: 394
1875.3703937530518
epoch: 395
1847.3748149871826
epoch: 396
1891.4560890197754
epoch: 397
1836.6871395111084
epoch: 398
1877.416244506836
epoch: 399
1931.7111291885376
epoch: 400
1882.696614265442
epoch: 401
1811.874647140503
epoch: 402
1824.527307510376
epoch: 403
1871.2957983016968
epoch: 404
1844.0696868896484
epoch: 405
1840.295669555664
epoch: 406
1841.0043277740479
epoch: 407
1872.211025238037
epoch: 408
1804.1035890579224
epoch: 409
1929.1910362243652
epoch: 410
1882.2798767089844
epoch: 411
1802.2974548339844
epoch: 412
1776.5420961380005
epoch: 413
1832.4868459701538
epoch: 414
1803.4369554519653
epoch: 415
1867.5205402374268
epoch: 416
1788.3979530334473
epoch: 417
1812.2307043075562
epoch: 418
1801.6459655761719
epoch: 419
1789.681692123413
epoch: 420
1722.049898147583
epoch: 421
1785.6682434082031
epoch: 422
1853.677339553833
epoch: 423
1841.798906326294
epoch: 424
1795.0175943374634
epoch: 425
1814.4753494262695
epoch: 426
1797.6955137252808
epoch: 427
1770.1961908340454
epoch: 428
1781.5212297439575
epoch: 429
1791.7251873016357
epoch: 430
1739.9188165664673
epoch: 431
1756.988290309906
epoch: 432
1791.8914160728455
epoch: 433
1748.4145832061768
epoch: 434
1762.9412298202515
epoch: 435
1786.3594498634338
epoch: 436
1724.1522970199585
epoch: 437
1736.3505153656006
epoch: 438
1736.8328838348389
epoch: 439
1729.8776121139526
epoch: 440
1759.8117895126343
epoch: 441
1741.7873334884644
epoch: 442
1801.307804107666
epoch: 443
1748.5913705825806
epoch: 444
1677.7004308700562
epoch: 445
1756.9542999267578
epoch: 446
1687.5220203399658
epoch: 447
1722.667052268982
epoch: 448
1675.813603401184
epoch: 449
1745.3299646377563
epoch: 450
1684.8524827957153
epoch: 451
1740.4349689483643
epoch: 452
1763.5467262268066
epoch: 453
1657.2100777626038
epoch: 454
1667.3907318115234
epoch: 455
1681.0129127502441
epoch: 456
1801.8532886505127
epoch: 457
1690.7043657302856
epoch: 458
1723.2798862457275
epoch: 459
1748.2124853134155
epoch: 460
1641.2767152786255
epoch: 461
1746.3464002609253
epoch: 462
1756.8831481933594
epoch: 463
1746.3757934570312
epoch: 464
1733.344126701355
epoch: 465
1629.03111743927
epoch: 466
1639.163049697876
epoch: 467
1654.2958669662476
epoch: 468
1656.1141119003296
epoch: 469
1692.9944305419922
epoch: 470
1673.8651847839355
epoch: 471
1731.760775566101
epoch: 472
1746.3001976013184
epoch: 473
1710.5584173202515
epoch: 474
1648.0089421272278
epoch: 475
1673.1398487091064
epoch: 476
1601.493986606598
epoch: 477
1645.5615787506104
epoch: 478
1674.9485836029053
epoch: 479
1617.4080018997192
epoch: 480
1643.208333015442
epoch: 481
1639.5425987243652
epoch: 482
1668.5089902877808
epoch: 483
1543.5812797546387
epoch: 484
1605.509126663208
epoch: 485
1635.027717590332
epoch: 486
1609.4634580612183
epoch: 487
1592.0213270187378
epoch: 488
1658.0259819030762
epoch: 489
1651.4756398200989
epoch: 490
1651.7714757919312
epoch: 491
1603.8708696365356
epoch: 492
1580.020339012146
epoch: 493
1640.1915698051453
epoch: 494
1563.5779218673706
epoch: 495
1658.2653470039368
epoch: 496
1638.9083108901978
epoch: 497
1639.828396320343
epoch: 498
1602.5091199874878
epoch: 499
1585.4067459106445
epoch: 500
1583.3528394699097
epoch: 501
1634.6890921592712
epoch: 502
1556.6768078804016
epoch: 503
1571.4944219589233
epoch: 504
1614.3200969696045
epoch: 505
1523.4521446228027
epoch: 506
1580.6218814849854
epoch: 507
1605.1611633300781
epoch: 508
1569.795771598816
epoch: 509
1620.5059967041016
epoch: 510
1580.0559740066528
epoch: 511
1515.1961612701416
epoch: 512
1568.2445878982544
epoch: 513
1598.0096096992493
epoch: 514
1562.3842658996582
epoch: 515
1556.9005808830261
epoch: 516
1475.4472017288208
epoch: 517
1528.6709308624268
epoch: 518
1526.2070007324219
epoch: 519
1568.1476092338562
epoch: 520
1550.8730869293213
epoch: 521
1612.0767855644226
epoch: 522
1507.842882156372
epoch: 523
1580.964587211609
epoch: 524
1544.7532749176025
epoch: 525
1535.0456337928772
epoch: 526
1528.6020584106445
epoch: 527
1521.4528856277466
epoch: 528
1545.9148235321045
epoch: 529
1465.192898273468
epoch: 530
1537.9744048118591
epoch: 531
1543.1174545288086
epoch: 532
1528.9659910202026
epoch: 533
1495.9482684135437
epoch: 534
1520.9145259857178
epoch: 535
1509.495593070984
epoch: 536
1520.5250887870789
epoch: 537
1513.4034090042114
epoch: 538
1580.1842403411865
epoch: 539
1519.9101729393005
epoch: 540
1504.8752641677856
epoch: 541
1503.5444049835205
epoch: 542
1505.2181415557861
epoch: 543
1508.3687953948975
epoch: 544
1609.541563987732
epoch: 545
1512.0600805282593
epoch: 546
1540.492663383484
epoch: 547
1460.4349808692932
epoch: 548
1428.5813179016113
epoch: 549
1441.2146139144897
epoch: 550
1444.6242504119873
epoch: 551
1468.9495735168457
epoch: 552
1509.811022758484
epoch: 553
1487.3898553848267
epoch: 554
1503.9457387924194
epoch: 555
1478.389211177826
epoch: 556
1466.1363987922668
epoch: 557
1532.8848552703857
epoch: 558
1558.467438697815
epoch: 559
1507.5019173622131
epoch: 560
1470.1692161560059
epoch: 561
1478.1050386428833
epoch: 562
1486.4295043945312
epoch: 563
1492.437268257141
epoch: 564
1496.22984790802
epoch: 565
1476.7080526351929
epoch: 566
1437.8154287338257
epoch: 567
1462.9439668655396
epoch: 568
1448.6715421676636
epoch: 569
1428.2910208702087
epoch: 570
1494.0032076835632
epoch: 571
1483.2271709442139
epoch: 572
1460.6962895393372
epoch: 573
1406.8477582931519
epoch: 574
1419.6078934669495
epoch: 575
1458.3953189849854
epoch: 576
1454.8309783935547
epoch: 577
1455.1607866287231
epoch: 578
1422.0326600074768
epoch: 579
1425.3903522491455
epoch: 580
1448.1714086532593
epoch: 581
1375.8143320083618
epoch: 582
1446.4292283058167
epoch: 583
1433.346531867981
epoch: 584
1512.3803987503052
epoch: 585
1438.5193786621094
epoch: 586
1450.3956823349
epoch: 587
1446.662124156952
epoch: 588
1384.4432153701782
epoch: 589
1435.9942073822021
epoch: 590
1387.9807286262512
epoch: 591
1373.1547541618347
epoch: 592
1402.8293800354004
epoch: 593
1464.9138660430908
epoch: 594
1397.2662677764893
epoch: 595
1343.3003582954407
epoch: 596
1434.0565185546875
epoch: 597
1397.1149425506592
epoch: 598
1390.330487728119
epoch: 599
1379.8308901786804
epoch: 600
1409.049943447113
epoch: 601
1418.0874691009521
epoch: 602
1379.1713843345642
epoch: 603
1372.9770770072937
epoch: 604
1373.558099746704
epoch: 605
1365.206220149994
epoch: 606
1358.4157710075378
epoch: 607
1411.4993915557861
epoch: 608
1367.0990262031555
epoch: 609
1406.5267252922058
epoch: 610
1337.9249105453491
epoch: 611
1357.3129930496216
epoch: 612
1385.3960032463074
epoch: 613
1365.9481053352356
epoch: 614
1387.5470747947693
epoch: 615
1378.8985195159912
epoch: 616
1373.280249118805
epoch: 617
1408.1633973121643
epoch: 618
1380.8103513717651
epoch: 619
1391.884612083435
epoch: 620
1322.1548867225647
epoch: 621
1324.3612842559814
epoch: 622
1291.578131198883
epoch: 623
1363.8068313598633
epoch: 624
1370.7512230873108
epoch: 625
1344.433973312378
epoch: 626
1367.249213218689
epoch: 627
1365.1684746742249
epoch: 628
1365.0681419372559
epoch: 629
1384.2694234848022
epoch: 630
1342.661024093628
epoch: 631
1337.846363067627
epoch: 632
1377.7352495193481
epoch: 633
1351.7086119651794
epoch: 634
1329.9750528335571
epoch: 635
1347.1006450653076
epoch: 636
1327.5710844993591
epoch: 637
1332.3163113594055
epoch: 638
1319.5339932441711
epoch: 639
1339.0562291145325
epoch: 640
1301.763108253479
epoch: 641
1364.8232679367065
epoch: 642
1361.7379360198975
epoch: 643
1307.231448173523
epoch: 644
1371.0152659416199
epoch: 645
1294.3104710578918
epoch: 646
1396.8577995300293
epoch: 647
1370.3948802947998
epoch: 648
1334.4267859458923
epoch: 649
1383.6977877616882
epoch: 650
1381.707841873169
epoch: 651
1356.475996017456
epoch: 652
1319.7339687347412
epoch: 653
1342.7297520637512
epoch: 654
1343.3779678344727
epoch: 655
1277.6613965034485
epoch: 656
1299.5546822547913
epoch: 657
1306.477108001709
epoch: 658
1314.2632203102112
epoch: 659
1263.50896692276
epoch: 660
1333.397382736206
epoch: 661
1296.1445508003235
epoch: 662
1329.5120029449463
epoch: 663
1307.1298341751099
epoch: 664
1306.7586841583252
epoch: 665
1298.057405948639
epoch: 666
1287.2808756828308
epoch: 667
1355.7950019836426
epoch: 668
1319.8503017425537
epoch: 669
1286.0142831802368
epoch: 670
1271.8658046722412
epoch: 671
1313.287944316864
epoch: 672
1232.6723246574402
epoch: 673
1320.9108357429504
epoch: 674
1290.0076394081116
epoch: 675
1286.7057838439941
epoch: 676
1280.2959570884705
epoch: 677
1271.6557774543762
epoch: 678
1302.0665106773376
epoch: 679
1293.059489250183
epoch: 680
1293.2634768486023
epoch: 681
1243.7987513542175
epoch: 682
1250.145830631256
epoch: 683
1293.0665798187256
epoch: 684
1207.2616724967957
epoch: 685
1288.77108335495
epoch: 686
1309.5391516685486
epoch: 687
1266.045425415039
epoch: 688
1275.671636581421
epoch: 689
1252.6020431518555
epoch: 690
1260.5468611717224
epoch: 691
1301.1526021957397
epoch: 692
1256.1094527244568
epoch: 693
1251.609745502472
epoch: 694
1253.8617515563965
epoch: 695
1255.9217414855957
epoch: 696
1201.3357577323914
epoch: 697
1274.1476736068726
epoch: 698
1291.6423292160034
epoch: 699
1271.313780784607
epoch: 700
1250.8448786735535
epoch: 701
1251.0536890029907
epoch: 702
1210.9070134162903
epoch: 703
1259.1597695350647
epoch: 704
1242.4528942108154
epoch: 705
1244.275194644928
epoch: 706
1230.703971862793
epoch: 707
1300.539810180664
epoch: 708
1329.954068660736
epoch: 709
1270.81250333786
epoch: 710
1272.8867568969727
epoch: 711
1264.399667263031
epoch: 712
1265.553716659546
epoch: 713
1229.074730873108
epoch: 714
1262.5049114227295
epoch: 715
1245.8663277626038
epoch: 716
1224.6742067337036
epoch: 717
1235.7890329360962
epoch: 718
1218.9524879455566
epoch: 719
1211.842652797699
epoch: 720
1223.9207339286804
epoch: 721
1236.3373546600342
epoch: 722
1238.5425057411194
epoch: 723
1194.7181797027588
epoch: 724
1228.409746646881
epoch: 725
1184.4440808296204
epoch: 726
1236.6465363502502
epoch: 727
1234.373731136322
epoch: 728
1195.056893825531
epoch: 729
1265.5892271995544
epoch: 730
1231.6083707809448
epoch: 731
1223.2782354354858
epoch: 732
1229.3984274864197
epoch: 733
1271.1491680145264
epoch: 734
1235.487184047699
epoch: 735
1226.285264968872
epoch: 736
1213.7041563987732
epoch: 737
1198.9578824043274
epoch: 738
1230.262638092041
epoch: 739
1176.0460686683655
epoch: 740
1244.5869097709656
epoch: 741
1270.7736649513245
epoch: 742
1213.4009385108948
epoch: 743
1258.7680687904358
epoch: 744
1180.3835062980652
epoch: 745
1180.6880378723145
epoch: 746
1207.3829731941223
epoch: 747
1185.3022294044495
epoch: 748
1176.064483165741
epoch: 749
1260.2986602783203
epoch: 750
1204.2035541534424
epoch: 751
1215.365162372589
epoch: 752
1200.1820650100708
epoch: 753
1169.728714466095
epoch: 754
1167.6771459579468
epoch: 755
1196.1439414024353
epoch: 756
1215.6573209762573
epoch: 757
1198.578625202179
epoch: 758
1220.6168866157532
epoch: 759
1196.0070824623108
epoch: 760
1160.8390898704529
epoch: 761
1203.5154962539673
epoch: 762
1188.91357755661
epoch: 763
1187.6305150985718
epoch: 764
1169.4512028694153
epoch: 765
1187.582845211029
epoch: 766
1206.9278898239136
epoch: 767
1188.171709537506
epoch: 768
1243.084822177887
epoch: 769
1203.1849479675293
epoch: 770
1161.6545495986938
epoch: 771
1173.5697889328003
epoch: 772
1173.560510635376
epoch: 773
1155.905421257019
epoch: 774
1165.556140422821
epoch: 775
1149.9327521324158
epoch: 776
1120.7413215637207
epoch: 777
1149.9909615516663
epoch: 778
1207.1066942214966
epoch: 779
1159.6245636940002
epoch: 780
1193.1095705032349
epoch: 781
1181.5468120574951
epoch: 782
1132.132212638855
epoch: 783
1165.1105599403381
epoch: 784
1139.020353794098
epoch: 785
1169.9305276870728
epoch: 786
1159.4024019241333
epoch: 787
1168.6995267868042
epoch: 788
1113.2200336456299
epoch: 789
1173.299572944641
epoch: 790
1143.633186340332
epoch: 791
1147.9998354911804
epoch: 792
1229.4747710227966
epoch: 793
1150.2442083358765
epoch: 794
1097.2562608718872
epoch: 795
1153.129587173462
epoch: 796
1176.8106927871704
epoch: 797
1128.1434841156006
epoch: 798
1162.039249420166
epoch: 799
1135.1024799346924
epoch: 800
1157.2705655097961
epoch: 801
1086.7657761573792
epoch: 802
1176.071750164032
epoch: 803
1167.5024037361145
epoch: 804
1139.1997470855713
epoch: 805
1160.4566612243652
epoch: 806
1151.9607501029968
epoch: 807
1220.2088899612427
epoch: 808
1161.0250153541565
epoch: 809
1101.8991861343384
epoch: 810
1145.6937823295593
epoch: 811
1128.300329208374
epoch: 812
1122.9131269454956
epoch: 813
1142.8381714820862
epoch: 814
1125.3746328353882
epoch: 815
1099.9262056350708
epoch: 816
1191.413122177124
epoch: 817
1157.1915130615234
epoch: 818
1114.591136455536
epoch: 819
1112.6347093582153
epoch: 820
1140.9577941894531
epoch: 821
1135.5863766670227
epoch: 822
1151.1112489700317
epoch: 823
1136.4369025230408
epoch: 824
1140.3550291061401
epoch: 825
1116.5835375785828
epoch: 826
1078.8570103645325
epoch: 827
1138.947253227234
epoch: 828
1107.6798839569092
epoch: 829
1107.1126856803894
epoch: 830
1149.8926892280579
epoch: 831
1087.4856128692627
epoch: 832
1169.7012367248535
epoch: 833
1122.60599899292
epoch: 834
1120.6231241226196
epoch: 835
1070.8661394119263
epoch: 836
1124.0022745132446
epoch: 837
1096.1318378448486
epoch: 838
1067.8723540306091
epoch: 839
1087.436815738678
epoch: 840
1101.1661863327026
epoch: 841
1129.2599897384644
epoch: 842
1129.8538279533386
epoch: 843
1170.5686206817627
epoch: 844
1122.089171886444
epoch: 845
1089.3494610786438
epoch: 846
1101.8984851837158
epoch: 847
1061.0464217662811
epoch: 848
1116.8337001800537
epoch: 849
1134.7440938949585
epoch: 850
1062.351870059967
epoch: 851
1108.0142016410828
epoch: 852
1135.3842163085938
epoch: 853
1062.0129661560059
epoch: 854
1099.3305130004883
epoch: 855
1119.0173320770264
epoch: 856
1059.7356810569763
epoch: 857
1087.0321383476257
epoch: 858
1076.5331196784973
epoch: 859
1097.035078048706
epoch: 860
1017.455011844635
epoch: 861
1035.433322429657
epoch: 862
1118.8690366744995
epoch: 863
1085.8125410079956
epoch: 864
1136.7074718475342
epoch: 865
1049.5947589874268
epoch: 866
1031.917863368988
epoch: 867
1086.3639597892761
epoch: 868
1101.3426704406738
epoch: 869
1055.0060057640076
epoch: 870
1106.052336215973
epoch: 871
1085.229175567627
epoch: 872
1054.180170059204
epoch: 873
1098.912329673767
epoch: 874
1080.5874128341675
epoch: 875
1094.1726670265198
epoch: 876
1087.4474964141846
epoch: 877
1077.7657804489136
epoch: 878
1164.71621799469
epoch: 879
1105.2142443656921
epoch: 880
1053.0986256599426
epoch: 881
1152.8014550209045
epoch: 882
1034.6432147026062
epoch: 883
1036.9372925758362
epoch: 884
1030.7686171531677
epoch: 885
1108.4778227806091
epoch: 886
1044.1037492752075
epoch: 887
1061.3753380775452
epoch: 888
1103.894019126892
epoch: 889
1093.9874534606934
epoch: 890
1089.2910380363464
epoch: 891
1068.0792055130005
epoch: 892
1059.634386062622
epoch: 893
1067.497233390808
epoch: 894
1086.2071599960327
epoch: 895
1085.861349105835
epoch: 896
998.8489408493042
epoch: 897
1016.2191162109375
epoch: 898
1073.9093561172485
epoch: 899
1089.9321417808533
epoch: 900
1048.481743812561
epoch: 901
1044.529086112976
epoch: 902
1057.5363969802856
epoch: 903
1065.497763633728
epoch: 904
1026.1074562072754
epoch: 905
1010.5684523582458
epoch: 906
1038.4077367782593
epoch: 907
1004.6874732971191
epoch: 908
1074.9556131362915
epoch: 909
981.5765714645386
epoch: 910
1088.6561150550842
epoch: 911
1064.2399473190308
epoch: 912
1090.0852975845337
epoch: 913
1071.8408365249634
epoch: 914
1024.8183417320251
epoch: 915
1039.2700114250183
epoch: 916
999.4519748687744
epoch: 917
1033.2624807357788
epoch: 918
1034.1161489486694
epoch: 919
1089.0449142456055
epoch: 920
1033.2378883361816
epoch: 921
1041.1316585540771
epoch: 922
1014.9814505577087
epoch: 923
1014.2850937843323
epoch: 924
1059.5877094268799
epoch: 925
1060.0993604660034
epoch: 926
1028.1859278678894
epoch: 927
1009.9267573356628
epoch: 928
1007.1653065681458
epoch: 929
1016.268620967865
epoch: 930
1068.0033621788025
epoch: 931
1080.4231576919556
epoch: 932
991.0809683799744
epoch: 933
980.463276386261
epoch: 934
1032.368573665619
epoch: 935
1033.8253507614136
epoch: 936
1001.6703386306763
epoch: 937
995.9202418327332
epoch: 938
1024.5969543457031
epoch: 939
1010.9848170280457
epoch: 940
1018.7708697319031
epoch: 941
992.5620937347412
epoch: 942
1035.088523864746
epoch: 943
1027.603596687317
epoch: 944
1029.3432779312134
epoch: 945
1054.9366869926453
epoch: 946
975.1237649917603
epoch: 947
986.1221880912781
epoch: 948
1033.70121717453
epoch: 949
1070.2123799324036
epoch: 950
990.1798572540283
epoch: 951
1025.2067303657532
epoch: 952
1029.9552083015442
epoch: 953
1040.9673690795898
epoch: 954
1018.6371493339539
epoch: 955
1064.548586845398
epoch: 956
994.2041339874268
epoch: 957
1004.115053653717
epoch: 958
993.3206305503845
epoch: 959
988.0216507911682
epoch: 960
1021.8444895744324
epoch: 961
1036.4956541061401
epoch: 962
1021.0316672325134
epoch: 963
995.6853523254395
epoch: 964
1028.131549358368
epoch: 965
1031.0681009292603
epoch: 966
999.9199442863464
epoch: 967
977.290997505188
epoch: 968
1034.0576872825623
epoch: 969
1025.0201206207275
epoch: 970
973.5792307853699
epoch: 971
1009.7615666389465
epoch: 972
1026.206901550293
epoch: 973
1005.4886274337769
epoch: 974
1000.0651288032532
epoch: 975
1001.9824504852295
epoch: 976
999.4562697410583
epoch: 977
957.7643442153931
epoch: 978
1052.2576088905334
epoch: 979
984.4442481994629
epoch: 980
1013.9283843040466
epoch: 981
1026.0554161071777
epoch: 982
1040.1065402030945
epoch: 983
985.6447377204895
epoch: 984
983.5641150474548
epoch: 985
971.2579197883606
epoch: 986
1018.6775698661804
epoch: 987
962.082414150238
epoch: 988
1013.5437202453613
epoch: 989
971.0884041786194
epoch: 990
1002.2675786018372
epoch: 991
950.7851467132568
epoch: 992
992.7234535217285
epoch: 993
945.609667301178
epoch: 994
957.3777208328247
epoch: 995
969.6692724227905
epoch: 996
987.6206331253052
epoch: 997
976.8381414413452
epoch: 998
980.2661509513855
epoch: 999
983.4601230621338
